Build started 3/27/2012 2:14:14 PM.
     1>Project "C:\Users\Peter\GPUPathTracer\GPUPathTracer\GPUPathTracer\GPUPathTracer.vcxproj" on node 2 (build target(s)).
     1>InitializeBuildStatus:
         Creating "Debug\GPUPathTracer.unsuccessfulbuild" because "AlwaysCreate" was specified.
       AddCudaCompileDeps:
         c:\Program Files (x86)\Microsoft Visual Studio 10.0\VC\bin\cl.exe /E /nologo /showIncludes /TP /D__CUDACC__ /I"C:\Program Files\NVIDIA GPU Computing Toolkit\CUDA\v4.1\bin" /I"C:\Program Files\NVIDIA GPU Computing Toolkit\CUDA\v4.1\include" /I. /FIcuda_runtime.h /c C:\Users\Peter\GPUPathTracer\GPUPathTracer\GPUPathTracer\path_tracer_kernel.cu 
       AddCudaCompilePropsDeps:
       Skipping target "AddCudaCompilePropsDeps" because all output files are up-to-date with respect to the input files.
       CudaBuild:
         Compiling CUDA source file path_tracer_kernel.cu...
         cmd.exe /C "C:\Users\Peter\AppData\Local\Temp\1adaa9a15d0a446aa3c4372c1b41413f.cmd"
         "C:\Program Files\NVIDIA GPU Computing Toolkit\CUDA\v4.1\bin\nvcc.exe" -gencode=arch=compute_10,code=\"sm_10,compute_10\" --use-local-env --cl-version 2010 -ccbin "c:\Program Files (x86)\Microsoft Visual Studio 10.0\VC\bin"  -I"C:\Program Files\NVIDIA GPU Computing Toolkit\CUDA\v4.1\include"  -G0  --keep-dir "Debug" -maxrregcount=0  --machine 32 --compile  -g    -Xcompiler "/EHsc /nologo /Od /Zi  /MDd " -o "Debug\path_tracer_kernel.cu.obj" "C:\Users\Peter\GPUPathTracer\GPUPathTracer\GPUPathTracer\path_tracer_kernel.cu"
         
         C:\Users\Peter\GPUPathTracer\GPUPathTracer\GPUPathTracer>"C:\Program Files\NVIDIA GPU Computing Toolkit\CUDA\v4.1\bin\nvcc.exe" -gencode=arch=compute_10,code=\"sm_10,compute_10\" --use-local-env --cl-version 2010 -ccbin "c:\Program Files (x86)\Microsoft Visual Studio 10.0\VC\bin"  -I"C:\Program Files\NVIDIA GPU Computing Toolkit\CUDA\v4.1\include"  -G0  --keep-dir "Debug" -maxrregcount=0  --machine 32 --compile  -g    -Xcompiler "/EHsc /nologo /Od /Zi  /MDd " -o "Debug\path_tracer_kernel.cu.obj" "C:\Users\Peter\GPUPathTracer\GPUPathTracer\GPUPathTracer\path_tracer_kernel.cu" 
         path_tracer_kernel.cu
     1>C:/Users/Peter/GPUPathTracer/GPUPathTracer/GPUPathTracer/path_tracer_kernel.cu(19): warning : variable "something" was declared but never referenced
         
     1>C:/Users/Peter/GPUPathTracer/GPUPathTracer/GPUPathTracer/path_tracer_kernel.cu(25): warning : variable "validIndex" was declared but never referenced
         
         tmpxft_00000d80_00000000-0_path_tracer_kernel.cudafe1.gpu
         tmpxft_00000d80_00000000-5_path_tracer_kernel.cudafe2.gpu
         path_tracer_kernel.cu
     1>C:/Users/Peter/GPUPathTracer/GPUPathTracer/GPUPathTracer/path_tracer_kernel.cu(19): warning : variable "something" was declared but never referenced
         
     1>C:/Users/Peter/GPUPathTracer/GPUPathTracer/GPUPathTracer/path_tracer_kernel.cu(25): warning : variable "validIndex" was declared but never referenced
         
         tmpxft_00000d80_00000000-0_path_tracer_kernel.cudafe1.cpp
         tmpxft_00000d80_00000000-11_path_tracer_kernel.ii
         Deleting file "tmpxft_00000d80_00000000-6_path_tracer_kernel.cpp3.o".
       ClCompile:
         c:\Program Files (x86)\Microsoft Visual Studio 10.0\VC\bin\CL.exe /c /I../glm /I../freeglut/include /I../glew/include /I"C:\Program Files\NVIDIA GPU Computing Toolkit\CUDA\v4.1\include" /I"C:\Program Files\NVIDIA GPU Computing Toolkit\CUDA\v4.1\include" /ZI /nologo /W3 /WX- /Od /Oy- /D _MBCS /Gm /EHsc /RTC1 /MDd /GS /fp:precise /Zc:wchar_t /Zc:forScope /Fo"Debug\\" /Fd"Debug\vc100.pdb" /Gd /TP /analyze- /errorReport:prompt path_tracer.cpp
         path_tracer.cpp
       ManifestResourceCompile:
         All outputs are up-to-date.
       Link:
         c:\Program Files (x86)\Microsoft Visual Studio 10.0\VC\bin\link.exe /ERRORREPORT:PROMPT /OUT:"C:\Users\Peter\GPUPathTracer\GPUPathTracer\Debug\GPUPathTracer.exe" /INCREMENTAL /NOLOGO /LIBPATH:../freeglut/lib /LIBPATH:../glew/lib /LIBPATH:"C:\Program Files\NVIDIA GPU Computing Toolkit\CUDA\v4.1\lib\Win32" /LIBPATH:"C:\Program Files\NVIDIA GPU Computing Toolkit\CUDA\v4.1\lib\Win32" freeglut.lib glew32.lib cudart.lib kernel32.lib user32.lib gdi32.lib winspool.lib comdlg32.lib advapi32.lib shell32.lib ole32.lib oleaut32.lib uuid.lib odbc32.lib odbccp32.lib kernel32.lib user32.lib gdi32.lib winspool.lib comdlg32.lib advapi32.lib shell32.lib ole32.lib oleaut32.lib uuid.lib odbc32.lib odbccp32.lib /MANIFEST /ManifestFile:"Debug\GPUPathTracer.exe.intermediate.manifest" /MANIFESTUAC:"level='asInvoker' uiAccess='false'" /DEBUG /PDB:"C:\Users\Peter\GPUPathTracer\GPUPathTracer\Debug\GPUPathTracer.pdb" /SUBSYSTEM:CONSOLE /TLBID:1 /DYNAMICBASE /NXCOMPAT /IMPLIB:"C:\Users\Peter\GPUPathTracer\GPUPathTracer\Debug\GPUPathTracer.lib" /MACHINE:X86 Debug\path_tracer_kernel.cu.obj
         Debug\GPUPathTracer.exe.embed.manifest.res
         Debug\display.obj
         Debug\image.obj
         Debug\path_tracer.obj
       Manifest:
         C:\Program Files (x86)\Microsoft SDKs\Windows\v7.0A\bin\mt.exe /nologo /verbose /out:"Debug\GPUPathTracer.exe.embed.manifest" /manifest Debug\GPUPathTracer.exe.intermediate.manifest
         All outputs are up-to-date.
       LinkEmbedManifest:
         All outputs are up-to-date.
         GPUPathTracer.vcxproj -> C:\Users\Peter\GPUPathTracer\GPUPathTracer\Debug\GPUPathTracer.exe
       PostBuildEvent:
         echo copy "C:\Program Files\NVIDIA GPU Computing Toolkit\CUDA\v4.1\bin\cudart*.dll" "C:\Users\Peter\GPUPathTracer\GPUPathTracer\Debug\"
         copy "C:\Program Files\NVIDIA GPU Computing Toolkit\CUDA\v4.1\bin\cudart*.dll" "C:\Users\Peter\GPUPathTracer\GPUPathTracer\Debug\"
         :VCEnd
         copy "C:\Program Files\NVIDIA GPU Computing Toolkit\CUDA\v4.1\bin\cudart*.dll" "C:\Users\Peter\GPUPathTracer\GPUPathTracer\Debug\"
         C:\Program Files\NVIDIA GPU Computing Toolkit\CUDA\v4.1\bin\cudart32_41_28.dll
         C:\Program Files\NVIDIA GPU Computing Toolkit\CUDA\v4.1\bin\cudart64_41_28.dll
                 2 file(s) copied.
       FinalizeBuildStatus:
         Deleting file "Debug\GPUPathTracer.unsuccessfulbuild".
         Touching "Debug\GPUPathTracer.lastbuildstate".
     1>Done Building Project "C:\Users\Peter\GPUPathTracer\GPUPathTracer\GPUPathTracer\GPUPathTracer.vcxproj" (build target(s)).

Build succeeded.

Time Elapsed 00:00:02.44
