C:\USERS\PETER\GPUPATHTRACER\GPUPATHTRACER\DEBUG\GPUPATHTRACER.EXE
C:\USERS\PETER\GPUPATHTRACER\GPUPATHTRACER\DEBUG\GPUPATHTRACER.ILK
C:\USERS\PETER\GPUPATHTRACER\GPUPATHTRACER\DEBUG\GPUPATHTRACER.PDB
C:\Users\Peter\GPUPathTracer\GPUPathTracer\GPUPathTracer\Debug\cl.command.1.tlog
C:\Users\Peter\GPUPathTracer\GPUPathTracer\GPUPathTracer\Debug\CL.read.1.tlog
C:\Users\Peter\GPUPathTracer\GPUPathTracer\GPUPathTracer\Debug\CL.write.1.tlog
C:\USERS\PETER\GPUPATHTRACER\GPUPATHTRACER\GPUPATHTRACER\DEBUG\DISPLAY.OBJ
C:\USERS\PETER\GPUPATHTRACER\GPUPATHTRACER\GPUPATHTRACER\DEBUG\FLOCK.OBJ
C:\USERS\PETER\GPUPATHTRACER\GPUPATHTRACER\GPUPATHTRACER\DEBUG\GPUPATHTRACER.EXE.EMBED.MANIFEST
C:\USERS\PETER\GPUPATHTRACER\GPUPATHTRACER\GPUPATHTRACER\DEBUG\GPUPATHTRACER.EXE.EMBED.MANIFEST.RES
C:\USERS\PETER\GPUPATHTRACER\GPUPATHTRACER\GPUPATHTRACER\DEBUG\GPUPATHTRACER.EXE.INTERMEDIATE.MANIFEST
C:\Users\Peter\GPUPathTracer\GPUPathTracer\GPUPathTracer\Debug\GPUPathTracer_manifest.rc
C:\Users\Peter\GPUPathTracer\GPUPathTracer\GPUPathTracer\Debug\interact_kernel.cu.cache
C:\Users\Peter\GPUPathTracer\GPUPathTracer\GPUPathTracer\Debug\interact_kernel.cu.obj
C:\Users\Peter\GPUPathTracer\GPUPathTracer\GPUPathTracer\Debug\kernel.cu.cache
C:\Users\Peter\GPUPathTracer\GPUPathTracer\GPUPathTracer\Debug\kernel.cu.obj
C:\Users\Peter\GPUPathTracer\GPUPathTracer\GPUPathTracer\Debug\link.5012.read.1.tlog
C:\Users\Peter\GPUPathTracer\GPUPathTracer\GPUPathTracer\Debug\link.5012.write.1.tlog
C:\Users\Peter\GPUPathTracer\GPUPathTracer\GPUPathTracer\Debug\link.5012-cvtres.read.1.tlog
C:\Users\Peter\GPUPathTracer\GPUPathTracer\GPUPathTracer\Debug\link.5012-cvtres.write.1.tlog
C:\Users\Peter\GPUPathTracer\GPUPathTracer\GPUPathTracer\Debug\link.5368.read.1.tlog
C:\Users\Peter\GPUPathTracer\GPUPathTracer\GPUPathTracer\Debug\link.5368.write.1.tlog
C:\Users\Peter\GPUPathTracer\GPUPathTracer\GPUPathTracer\Debug\link.5368-cvtres.read.1.tlog
C:\Users\Peter\GPUPathTracer\GPUPathTracer\GPUPathTracer\Debug\link.5368-cvtres.write.1.tlog
C:\Users\Peter\GPUPathTracer\GPUPathTracer\GPUPathTracer\Debug\link.6688.read.1.tlog
C:\Users\Peter\GPUPathTracer\GPUPathTracer\GPUPathTracer\Debug\link.6688.write.1.tlog
C:\Users\Peter\GPUPathTracer\GPUPathTracer\GPUPathTracer\Debug\link.6688-cvtres.read.1.tlog
C:\Users\Peter\GPUPathTracer\GPUPathTracer\GPUPathTracer\Debug\link.6688-cvtres.write.1.tlog
C:\Users\Peter\GPUPathTracer\GPUPathTracer\GPUPathTracer\Debug\link.command.1.tlog
C:\Users\Peter\GPUPathTracer\GPUPathTracer\GPUPathTracer\Debug\link.read.1.tlog
C:\Users\Peter\GPUPathTracer\GPUPathTracer\GPUPathTracer\Debug\link.write.1.tlog
C:\Users\Peter\GPUPathTracer\GPUPathTracer\GPUPathTracer\Debug\link-cvtres.read.1.tlog
C:\Users\Peter\GPUPathTracer\GPUPathTracer\GPUPathTracer\Debug\link-cvtres.write.1.tlog
C:\USERS\PETER\GPUPATHTRACER\GPUPATHTRACER\GPUPATHTRACER\DEBUG\MAIN.OBJ
C:\Users\Peter\GPUPathTracer\GPUPathTracer\GPUPathTracer\Debug\mt.command.1.tlog
C:\Users\Peter\GPUPathTracer\GPUPathTracer\GPUPathTracer\Debug\mt.read.1.tlog
C:\Users\Peter\GPUPathTracer\GPUPathTracer\GPUPathTracer\Debug\mt.write.1.tlog
C:\Users\Peter\GPUPathTracer\GPUPathTracer\GPUPathTracer\Debug\path_tracer.cu.cache
C:\Users\Peter\GPUPathTracer\GPUPathTracer\GPUPathTracer\Debug\path_tracer.cu.obj
C:\Users\Peter\GPUPathTracer\GPUPathTracer\GPUPathTracer\Debug\path_tracer_kernel.cu.cache
C:\Users\Peter\GPUPathTracer\GPUPathTracer\GPUPathTracer\Debug\path_tracer_kernel.cu.obj
C:\Users\Peter\GPUPathTracer\GPUPathTracer\GPUPathTracer\Debug\rc.command.1.tlog
C:\Users\Peter\GPUPathTracer\GPUPathTracer\GPUPathTracer\Debug\rc.read.1.tlog
C:\Users\Peter\GPUPathTracer\GPUPathTracer\GPUPathTracer\Debug\rc.write.1.tlog
C:\Users\Peter\GPUPathTracer\GPUPathTracer\GPUPathTracer\Debug\vc100.idb
C:\USERS\PETER\GPUPATHTRACER\GPUPATHTRACER\GPUPATHTRACER\DEBUG\VC100.PDB
